2016-12-09 21:19:51  [ main:1 ] - [ DEBUG ]  This is debug message.
2016-12-09 21:19:51  [ main:4 ] - [ INFO ]  This is info message.
2016-12-09 21:19:51  [ main:4 ] - [ ERROR ]  This is error message.
2016-12-09 21:19:51  [ main:41 ] - [ DEBUG ]  Using Log4J as the default logging framework
2016-12-09 21:19:51  [ main:52 ] - [ DEBUG ]  -Dio.netty.eventLoopThreads: 8
2016-12-09 21:19:51  [ main:123 ] - [ DEBUG ]  java.nio.Buffer.address: available
2016-12-09 21:19:51  [ main:124 ] - [ DEBUG ]  sun.misc.Unsafe.theUnsafe: available
2016-12-09 21:19:51  [ main:125 ] - [ DEBUG ]  sun.misc.Unsafe.copyMemory: available
2016-12-09 21:19:51  [ main:126 ] - [ DEBUG ]  java.nio.Bits.unaligned: true
2016-12-09 21:19:51  [ main:127 ] - [ DEBUG ]  Platform: Windows
2016-12-09 21:19:51  [ main:130 ] - [ DEBUG ]  Java version: 8
2016-12-09 21:19:51  [ main:130 ] - [ DEBUG ]  -Dio.netty.noUnsafe: false
2016-12-09 21:19:51  [ main:131 ] - [ DEBUG ]  sun.misc.Unsafe: available
2016-12-09 21:19:51  [ main:132 ] - [ DEBUG ]  -Dio.netty.noJavassist: false
2016-12-09 21:19:51  [ main:133 ] - [ DEBUG ]  Javassist: unavailable
2016-12-09 21:19:51  [ main:134 ] - [ DEBUG ]  You don't have Javassist in your class path or you don't have enough permission to load dynamically generated classes.  Please check the configuration for better performance.
2016-12-09 21:19:51  [ main:135 ] - [ DEBUG ]  -Dio.netty.tmpdir: C:\Users\jiax\AppData\Local\Temp (java.io.tmpdir)
2016-12-09 21:19:51  [ main:136 ] - [ DEBUG ]  -Dio.netty.bitMode: 64 (sun.arch.data.model)
2016-12-09 21:19:51  [ main:136 ] - [ DEBUG ]  -Dio.netty.noPreferDirect: false
2016-12-09 21:19:51  [ main:138 ] - [ DEBUG ]  -Dio.netty.noKeySetOptimization: false
2016-12-09 21:19:51  [ main:138 ] - [ DEBUG ]  -Dio.netty.selectorAutoRebuildThreshold: 512
2016-12-09 21:19:51  [ main:316 ] - [ DEBUG ]  -Dio.netty.processId: 9644 (auto-detected)
2016-12-09 21:19:51  [ main:542 ] - [ DEBUG ]  -Dio.netty.machineId: 00:00:00:00:00:00:00:e0 (auto-detected)
2016-12-09 21:19:51  [ main:545 ] - [ DEBUG ]  -Dio.netty.initialSeedUniquifier: 0xc6c036786d987b3d (took 29 ms)
2016-12-09 21:19:51  [ main:605 ] - [ DEBUG ]  -Dio.netty.allocator.numHeapArenas: 4
2016-12-09 21:19:51  [ main:606 ] - [ DEBUG ]  -Dio.netty.allocator.numDirectArenas: 4
2016-12-09 21:19:51  [ main:606 ] - [ DEBUG ]  -Dio.netty.allocator.pageSize: 8192
2016-12-09 21:19:51  [ main:607 ] - [ DEBUG ]  -Dio.netty.allocator.maxOrder: 11
2016-12-09 21:19:51  [ main:607 ] - [ DEBUG ]  -Dio.netty.allocator.chunkSize: 16777216
2016-12-09 21:19:51  [ main:608 ] - [ DEBUG ]  -Dio.netty.allocator.tinyCacheSize: 512
2016-12-09 21:19:51  [ main:608 ] - [ DEBUG ]  -Dio.netty.allocator.smallCacheSize: 256
2016-12-09 21:19:51  [ main:609 ] - [ DEBUG ]  -Dio.netty.allocator.normalCacheSize: 64
2016-12-09 21:19:51  [ main:609 ] - [ DEBUG ]  -Dio.netty.allocator.maxCachedBufferCapacity: 32768
2016-12-09 21:19:51  [ main:610 ] - [ DEBUG ]  -Dio.netty.allocator.cacheTrimInterval: 8192
2016-12-09 21:19:51  [ main:621 ] - [ DEBUG ]  -Dio.netty.allocator.type: pooled
2016-12-09 21:19:51  [ main:622 ] - [ DEBUG ]  -Dio.netty.threadLocalDirectBufferSize: 65536
2016-12-09 21:19:51  [ main:818 ] - [ DEBUG ]  Loopback interface: lo (Software Loopback Interface 1, 127.0.0.1)
2016-12-09 21:19:51  [ main:819 ] - [ DEBUG ]  \proc\sys\net\core\somaxconn: 200 (non-existent)
